\BOOKMARK [0][-]{chapter*.6}{\376\377\000W\000p\000r\000o\000w\000a\000d\000z\000e\000n\000i\000e}{}% 1
\BOOKMARK [0][-]{chapter.1}{\376\377\0001\000\040\000P\000o\000d\000s\000t\000a\000w\000y\000\040\000t\000e\000o\000r\000e\000t\000y\000c\000z\000n\000e}{}% 2
\BOOKMARK [1][-]{section.1.1}{\376\377\0001\000.\0001\000\040\000S\000y\000g\000n\000a\001\102\000\040\000m\000o\000w\000y}{chapter.1}% 3
\BOOKMARK [2][-]{subsection.1.1.1}{\376\377\0001\000.\0001\000.\0001\000\040\000P\000o\000w\000s\000t\000a\000w\000a\000n\000i\000e\000\040\000m\000o\000w\000y}{section.1.1}% 4
\BOOKMARK [2][-]{subsection.1.1.2}{\376\377\0001\000.\0001\000.\0002\000\040\000R\000e\000p\000r\000e\000z\000e\000n\000t\000a\000c\000j\000a\000\040\000m\000o\000w\000y}{section.1.1}% 5
\BOOKMARK [2][-]{subsection.1.1.3}{\376\377\0001\000.\0001\000.\0003\000\040\000R\000o\000z\000u\000m\000i\000e\000n\000i\000e\000\040\000m\000o\000w\000y}{section.1.1}% 6
\BOOKMARK [2][-]{subsection.1.1.4}{\376\377\0001\000.\0001\000.\0004\000\040\000R\000e\000j\000e\000s\000t\000r\000o\000w\000a\000n\000i\000e\000\040\000s\000y\000g\000n\000a\001\102\000u\000\040\000m\000o\000w\000y}{section.1.1}% 7
\BOOKMARK [1][-]{section.1.2}{\376\377\0001\000.\0002\000\040\000T\000o\000n\000\040\000p\000o\000d\000s\000t\000a\000w\000o\000w\000y}{chapter.1}% 8
\BOOKMARK [2][-]{subsection.1.2.1}{\376\377\0001\000.\0002\000.\0001\000\040\000D\000e\000f\000i\000n\000i\000c\000j\000a\000\040\000t\000o\000n\000u\000\040\000p\000o\000d\000s\000t\000a\000w\000o\000w\000e\000g\000o}{section.1.2}% 9
\BOOKMARK [2][-]{subsection.1.2.2}{\376\377\0001\000.\0002\000.\0002\000\040\000F\000o\000r\000m\000a\000n\000t\000y}{section.1.2}% 10
\BOOKMARK [2][-]{subsection.1.2.3}{\376\377\0001\000.\0002\000.\0003\000\040\000P\000r\000z\000e\000g\000l\001\005\000d\000\040\000m\000e\000t\000o\000d\000\040\000e\000s\000t\000y\000m\000a\000c\000j\000i}{section.1.2}% 11
\BOOKMARK [2][-]{subsection.1.2.4}{\376\377\0001\000.\0002\000.\0004\000\040\000A\000l\000g\000o\000r\000y\000t\000m\000\040\000Y\000I\000N}{section.1.2}% 12
\BOOKMARK [1][-]{section.1.3}{\376\377\0001\000.\0003\000\040\000P\000r\000o\000z\000o\000d\000i\000a}{chapter.1}% 13
\BOOKMARK [2][-]{subsection.1.3.1}{\376\377\0001\000.\0003\000.\0001\000\040\000I\000n\000t\000o\000n\000a\000c\000j\000a}{section.1.3}% 14
\BOOKMARK [2][-]{subsection.1.3.2}{\376\377\0001\000.\0003\000.\0002\000\040\000F\000u\000n\000k\000c\000j\000e\000\040\000i\000n\000t\000o\000n\000a\000c\000j\000i}{section.1.3}% 15
\BOOKMARK [2][-]{subsection.1.3.3}{\376\377\0001\000.\0003\000.\0003\000\040\000A\000n\000a\000l\000i\000z\000a\000\040\000d\000o\000t\000y\000c\000h\000c\000z\000a\000s\000o\000w\000y\000c\000h\000\040\000b\000a\000d\000a\000n}{section.1.3}% 16
\BOOKMARK [0][-]{chapter.2}{\376\377\0002\000\040\000I\000m\000p\000l\000e\000m\000e\000n\000t\000a\000c\000j\000a\000\040\000d\000e\000t\000e\000k\000c\000j\000i\000\040\000k\000o\000n\000t\000u\000r\000\363\000w\000\040\000c\000z\001\031\000s\000t\000o\000t\000l\000i\000w\000o\001\133\000c\000i\000\040\000p\000o\000d\000s\000t\000a\000w\000o\000w\000e\000j}{}% 17
\BOOKMARK [1][-]{section.2.1}{\376\377\0002\000.\0001\000\040\000J\001\031\000z\000y\000k\000\040\000p\000r\000o\000g\000r\000a\000m\000o\000w\000a\000n\000i\000a\000\040\000o\000r\000a\000z\000\040\001\133\000r\000o\000d\000o\000w\000i\000s\000k\000o}{chapter.2}% 18
\BOOKMARK [1][-]{section.2.2}{\376\377\0002\000.\0002\000\040\000O\000p\000i\000s\000\040\000m\000o\001\174\000l\000i\000w\000o\001\133\000c\000i\000\040\000a\000p\000l\000i\000k\000a\000c\000j\000i}{chapter.2}% 19
\BOOKMARK [1][-]{section.2.3}{\376\377\0002\000.\0003\000\040\000W\000c\000z\000y\000t\000a\000n\000i\000e\000\040\000n\000a\000g\000r\000a\000n\000i\000a}{chapter.2}% 20
\BOOKMARK [2][-]{subsection.2.3.1}{\376\377\0002\000.\0003\000.\0001\000\040\000R\000a\000m\000k\000o\000w\000a\000n\000i\000e\000\040\000o\000r\000a\000z\000\040\000e\000k\000s\000t\000r\000a\000c\000j\000a\000\040\000w\000a\000r\000t\000o\001\133\000c\000i\000\040\000F\0000}{section.2.3}% 21
\BOOKMARK [1][-]{section.2.4}{\376\377\0002\000.\0004\000\040\000W\000y\000k\000r\000y\000w\000a\000n\000i\000e\000\040\000p\000o\000s\000z\000c\000z\000e\000g\000\363\000l\000n\000y\000c\000h\000\040\000s\000e\000g\000m\000e\000n\000t\000\363\000w}{chapter.2}% 22
\BOOKMARK [2][-]{subsection.2.4.1}{\376\377\0002\000.\0004\000.\0001\000\040\000A\000n\000a\000l\000i\000z\000a\000\040\000w\000s\000t\001\031\000p\000n\000a\000\040\000w\000y\000k\000r\000y\000t\000e\000g\000o\000\040\000f\000r\000a\000g\000m\000e\000n\000t\000u}{section.2.4}% 23
\BOOKMARK [2][-]{subsection.2.4.2}{\376\377\0002\000.\0004\000.\0002\000\040\000W\000s\000p\000\363\001\102\000c\000z\000y\000n\000n\000i\000k\000i\000\040\000r\000e\000g\000r\000e\000s\000j\000i\000\040\000l\000i\000n\000i\000o\000w\000e\000j}{section.2.4}% 24
\BOOKMARK [1][-]{section.2.5}{\376\377\0002\000.\0005\000\040\000W\000c\000z\000y\000t\000y\000w\000a\000n\000i\000e\000\040\000w\000a\000r\000t\000o\001\133\000c\000i\000\040\000u\000z\000y\000s\000k\000a\000n\000y\000c\000h\000\040\000z\000a\000\040\000p\000o\000m\000o\000c\001\005\000\040\000p\000r\000o\000g\000r\000a\000m\000u\000\040\000P\000R\000A\000A\000T}{chapter.2}% 25
\BOOKMARK [0][-]{chapter.3}{\376\377\0003\000\040\000A\000n\000a\000l\000i\000z\000a\000\040\000w\000y\000k\000r\000y\000t\000y\000c\000h\000\040\000s\000e\000g\000m\000e\000n\000t\000\363\000w}{}% 26
\BOOKMARK [1][-]{section.3.1}{\376\377\0003\000.\0001\000\040\000P\000y\000t\000a\000n\000i\000a\000\040\000r\000o\000z\000s\000t\000r\000z\000y\000g\000n\000i\001\031\000c\000i\000a}{chapter.3}% 27
\BOOKMARK [1][-]{section.3.2}{\376\377\0003\000.\0002\000\040\000P\000y\000t\000a\000n\000i\000a\000\040\000d\000o\000p\000e\001\102\000n\000i\000e\000n\000i\000a}{chapter.3}% 28
\BOOKMARK [1][-]{section.3.3}{\376\377\0003\000.\0003\000\040\000Z\000d\000a\000n\000i\000a\000\040\000r\000o\000z\000k\000a\000z\000u\000j\001\005\000c\000e}{chapter.3}% 29
\BOOKMARK [1][-]{section.3.4}{\376\377\0003\000.\0004\000\040\000Z\000d\000a\000n\000i\000a\000\040\000t\000w\000i\000e\000r\000d\000z\001\005\000c\000e}{chapter.3}% 30
\BOOKMARK [1][-]{section.3.5}{\376\377\0003\000.\0005\000\040\000P\000o\000r\000\363\000w\000n\000a\000n\000i\000e\000\040\000w\000y\000n\000i\000k\000\363\000w\000\040\000o\000t\000r\000z\000y\000m\000a\000n\000y\000c\000h\000\040\000z\000\040\000w\000y\000k\000o\000r\000z\000y\000s\000t\000a\000n\000i\000e\000m\000\040\000Y\000I\000N\000\040\000i\000\040\000P\000r\000a\000a\000t\000a}{chapter.3}% 31
\BOOKMARK [2][-]{subsection.3.5.1}{\376\377\0003\000.\0005\000.\0001\000\040\000P\000y\000t\000a\000n\000i\000a\000\040\000r\000o\000z\000s\000t\000r\000z\000y\000g\000n\000i\001\031\000c\000i\000a\000\040\000o\000r\000a\000z\000\040\000d\000o\000p\000e\001\102\000n\000i\000e\000n\000i\000a}{section.3.5}% 32
\BOOKMARK [2][-]{subsection.3.5.2}{\376\377\0003\000.\0005\000.\0002\000\040\000Z\000d\000a\000n\000i\000a\000\040\000r\000o\000z\000k\000a\000z\000u\000j\001\005\000c\000e\000\040\000o\000r\000a\000z\000\040\000z\000d\000a\000n\000i\000a\000\040\000t\000w\000i\000e\000r\000d\000z\001\005\000c\000e}{section.3.5}% 33
\BOOKMARK [2][-]{subsection.3.5.3}{\376\377\0003\000.\0005\000.\0003\000\040\000B\001\102\001\031\000d\000n\000e\000\040\000r\000o\000z\000p\000o\000z\000n\000a\000n\000i\000a}{section.3.5}% 34
\BOOKMARK [0][-]{chapter.4}{\376\377\0004\000\040\000W\000n\000i\000o\000s\000k\000i}{}% 35
\BOOKMARK [0][-]{chapter*.8}{\376\377\000S\000p\000i\000s\000\040\000r\000y\000s\000u\000n\000k\000\363\000w}{}% 36
\BOOKMARK [0][-]{chapter*.9}{\376\377\000S\000p\000i\000s\000\040\000k\000o\000d\000\363\000w\000\040\001\172\000r\000\363\000d\001\102\000o\000w\000y\000c\000h}{}% 37
